Time:  0.31248998641967773
Criterion:  Kruskal
Samples:  (2, 2, 3, 3)
Sum:  10
Variants:  25200
Size:  261
Statistics [0.01818182 0.07272727 0.12727273 0.14545455 0.16363636 0.2
 0.27272727 0.29090909 0.30909091 0.34545455 0.36363636 0.43636364
 0.45454545 0.50909091 0.56363636 0.58181818 0.6        0.63636364
 0.63636364 0.65454545 0.72727273 0.74545455 0.74545455 0.78181818
 0.8        0.85454545 0.89090909 0.89090909 0.94545455 0.94545455
 1.         1.         1.01818182 1.07272727 1.07272727 1.09090909
 1.14545455 1.16363636 1.18181818 1.23636364 1.23636364 1.29090909
 1.30909091 1.32727273 1.32727273 1.38181818 1.38181818 1.43636364
 1.45454545 1.45454545 1.47272727 1.50909091 1.58181818 1.6
 1.6        1.61818182 1.61818182 1.65454545 1.65454545 1.67272727
 1.72727273 1.72727273 1.74545455 1.76363636 1.76363636 1.8
 1.81818182 1.81818182 1.87272727 1.87272727 1.89090909 1.89090909
 1.90909091 1.94545455 2.03636364 2.03636364 2.05454545 2.05454545
 2.09090909 2.09090909 2.10909091 2.10909091 2.16363636 2.2
 2.2        2.23636364 2.25454545 2.25454545 2.30909091 2.30909091
 2.32727273 2.38181818 2.4        2.45454545 2.47272727 2.47272727
 2.49090909 2.52727273 2.54545455 2.6        2.61818182 2.63636364
 2.69090909 2.74545455 2.76363636 2.78181818 2.81818182 2.89090909
 2.90909091 2.92727273 2.96363636 2.98181818 3.03636364 3.05454545
 3.07272727 3.10909091 3.12727273 3.18181818 3.2        3.21818182
 3.25454545 3.27272727 3.34545455 3.36363636 3.4        3.41818182
 3.47272727 3.50909091 3.54545455 3.56363636 3.61818182 3.63636364
 3.63636364 3.69090909 3.69090909 3.70909091 3.78181818 3.78181818
 3.8        3.8        3.83636364 3.83636364 3.85454545 3.85454545
 3.90909091 3.90909091 3.92727273 3.94545455 3.94545455 4.
 4.         4.05454545 4.05454545 4.07272727 4.07272727 4.09090909
 4.12727273 4.12727273 4.2        4.21818182 4.21818182 4.23636364
 4.27272727 4.29090909 4.34545455 4.36363636 4.38181818 4.43636364
 4.49090909 4.50909091 4.52727273 4.56363636 4.58181818 4.65454545
 4.67272727 4.70909091 4.72727273 4.78181818 4.81818182 4.85454545
 4.87272727 4.92727273 4.94545455 5.         5.01818182 5.07272727
 5.09090909 5.10909091 5.14545455 5.16363636 5.21818182 5.23636364
 5.25454545 5.30909091 5.36363636 5.38181818 5.4        5.43636364
 5.50909091 5.52727273 5.54545455 5.58181818 5.6        5.65454545
 5.67272727 5.69090909 5.72727273 5.74545455 5.8        5.81818182
 5.83636364 5.87272727 5.96363636 5.98181818 6.01818182 6.03636364
 6.09090909 6.12727273 6.16363636 6.18181818 6.23636364 6.25454545
 6.30909091 6.32727273 6.4        6.41818182 6.45454545 6.47272727
 6.52727273 6.54545455 6.56363636 6.61818182 6.67272727 6.69090909
 6.70909091 6.74545455 6.81818182 6.83636364 6.85454545 6.90909091
 6.96363636 6.98181818 7.         7.05454545 7.10909091 7.12727273
 7.14545455 7.18181818 7.27272727 7.34545455 7.43636364 7.47272727
 7.54545455 7.56363636 7.63636364 7.72727273 7.87272727 8.
 8.01818182 8.12727273 8.45454545]
P-value [0.00285714 0.00603175 0.00888889 0.01587302 0.01873016 0.02190476
 0.02492063 0.02777778 0.03507937 0.03825397 0.0515873  0.05412698
 0.06650794 0.07222222 0.07460317 0.08       0.08301587 0.08952381
 0.09285714 0.09539683 0.11412698 0.12047619 0.1252381  0.12936508
 0.13412698 0.13857143 0.14269841 0.14666667 0.15142857 0.15619048
 0.16079365 0.16571429 0.17015873 0.17333333 0.17619048 0.18222222
 0.18428571 0.19095238 0.20936508 0.21166667 0.21857143 0.22174603
 0.22714286 0.23396825 0.23873016 0.24698413 0.25142857 0.25285714
 0.26174603 0.2684127  0.27079365 0.27428571 0.27603175 0.27761905
 0.27920635 0.28595238 0.29095238 0.29174603 0.29444444 0.30142857
 0.30595238 0.30809524 0.31380952 0.31809524 0.32380952 0.32571429
 0.3331746  0.33587302 0.33714286 0.33984127 0.34269841 0.35126984
 0.35825397 0.36079365 0.36571429 0.37063492 0.37563492 0.37825397
 0.38412698 0.38936508 0.39388889 0.39603175 0.39857143 0.40285714
 0.40619048 0.40904762 0.41285714 0.41793651 0.41920635 0.42174603
 0.43031746 0.43380952 0.43698413 0.43825397 0.44142857 0.44587302
 0.45253968 0.45603175 0.47349206 0.47539683 0.47698413 0.4952381
 0.5        0.50111111 0.50650794 0.51095238 0.5147619  0.51587302
 0.53079365 0.54095238 0.54349206 0.54952381 0.55301587 0.5552381
 0.56349206 0.56444444 0.56825397 0.5747619  0.58111111 0.58412698
 0.58539683 0.59111111 0.59555556 0.61206349 0.6152381  0.62285714
 0.62634921 0.63206349 0.63619048 0.64095238 0.64349206 0.65460317
 0.65746032 0.65777778 0.65873016 0.6615873  0.66571429 0.66857143
 0.67412698 0.67619048 0.67730159 0.6784127  0.67952381 0.6815873
 0.68690476 0.68984127 0.69079365 0.69412698 0.69714286 0.70119048
 0.70888889 0.70984127 0.71079365 0.7134127  0.71555556 0.71968254
 0.72119048 0.72190476 0.7231746  0.72539683 0.72761905 0.73269841
 0.73746032 0.74126984 0.74349206 0.74825397 0.75698413 0.76269841
 0.76396825 0.77222222 0.77555556 0.77746032 0.77936508 0.78285714
 0.79079365 0.79269841 0.80285714 0.80507937 0.81952381 0.82047619
 0.82396825 0.82587302 0.83063492 0.83412698 0.83666667 0.83730159
 0.84809524 0.85507937 0.85634921 0.85793651 0.85857143 0.86015873
 0.86460317 0.86873016 0.87015873 0.87301587 0.87365079 0.8752381
 0.87571429 0.87920635 0.8884127  0.88968254 0.89253968 0.89349206
 0.89603175 0.89984127 0.90079365 0.90238095 0.90301587 0.90873016
 0.9115873  0.91253968 0.91444444 0.92015873 0.92079365 0.92428571
 0.9268254  0.93       0.93095238 0.93507937 0.93555556 0.93936508
 0.93968254 0.9415873  0.94253968 0.94698413 0.94761905 0.95079365
 0.95111111 0.95301587 0.95539683 0.95571429 0.95666667 0.95698413
 0.95888889 0.95952381 0.96126984 0.9631746  0.96571429 0.96888889
 0.96952381 0.97079365 0.9768254  0.97746032 0.97809524 0.97936508
 0.98079365 0.98269841 0.9852381  0.98650794 0.98809524 0.9884127
 0.98936508 0.99       0.99190476 0.99571429 0.99619048 0.99809524
 0.99857143 0.99904762 1.        ]
