Time:  0.015624046325683594
Criterion:  Leman
Samples:  (5, 7)
Sum:  12
Variants:  792
Size:  125
Statistics [0.40993197 0.41156463 0.41319728 0.41482993 0.41646259 0.41809524
 0.41972789 0.42136054 0.4229932  0.42462585 0.4262585  0.42789116
 0.42952381 0.43115646 0.43278912 0.43442177 0.43605442 0.43768707
 0.43931973 0.44095238 0.44258503 0.44421769 0.44585034 0.44748299
 0.44911565 0.4507483  0.45238095 0.45401361 0.45564626 0.45727891
 0.45891156 0.46054422 0.46217687 0.46380952 0.46544218 0.46707483
 0.46870748 0.47034014 0.47197279 0.47360544 0.4752381  0.47687075
 0.4785034  0.48013605 0.48176871 0.48340136 0.48503401 0.48666667
 0.48829932 0.48993197 0.49156463 0.49319728 0.49482993 0.49646259
 0.49809524 0.49972789 0.50136054 0.5029932  0.50462585 0.5062585
 0.50789116 0.50952381 0.51115646 0.51278912 0.51442177 0.51605442
 0.51768707 0.51931973 0.52258503 0.52421769 0.52585034 0.52748299
 0.52911565 0.5307483  0.53238095 0.53401361 0.53727891 0.53891156
 0.54054422 0.54217687 0.54380952 0.54544218 0.54707483 0.54870748
 0.55034014 0.55197279 0.55360544 0.55687075 0.5585034  0.56013605
 0.56176871 0.56340136 0.56666667 0.57156463 0.57319728 0.57482993
 0.57646259 0.57809524 0.5829932  0.5862585  0.58789116 0.59115646
 0.60095238 0.60421769 0.60585034 0.60748299 0.61564626 0.61727891
 0.62217687 0.62707483 0.63197279 0.6352381  0.6385034  0.64013605
 0.64503401 0.65972789 0.66462585 0.6662585  0.67115646 0.68095238
 0.68421769 0.70544218 0.70870748 0.74789116 0.7985034 ]
P-value [0.00252525 0.00757576 0.01515152 0.03030303 0.05050505 0.07070707
 0.0959596  0.12373737 0.14141414 0.17424242 0.2020202  0.22474747
 0.26262626 0.29040404 0.30934343 0.33838384 0.35984848 0.37373737
 0.40656566 0.4280303  0.44318182 0.46590909 0.48611111 0.49621212
 0.51388889 0.53282828 0.54292929 0.56691919 0.58333333 0.59469697
 0.61111111 0.63005051 0.63510101 0.65151515 0.66414141 0.66792929
 0.68560606 0.69191919 0.69823232 0.70959596 0.72474747 0.73106061
 0.73989899 0.74621212 0.75126263 0.75883838 0.76893939 0.77020202
 0.7790404  0.78787879 0.79040404 0.79924242 0.80429293 0.80681818
 0.81313131 0.81565657 0.8219697  0.83459596 0.84090909 0.84469697
 0.84848485 0.85479798 0.85606061 0.86489899 0.86868687 0.86994949
 0.87247475 0.87752525 0.88005051 0.88510101 0.88762626 0.89141414
 0.89646465 0.8989899  0.90151515 0.90530303 0.90782828 0.90909091
 0.91035354 0.91287879 0.91540404 0.91792929 0.9229798  0.92424242
 0.9280303  0.93055556 0.93181818 0.93686869 0.93813131 0.93939394
 0.94191919 0.94318182 0.94444444 0.9469697  0.94823232 0.94949495
 0.95328283 0.95833333 0.95959596 0.96212121 0.96590909 0.96717172
 0.96843434 0.9709596  0.97222222 0.97474747 0.9760101  0.97853535
 0.97979798 0.98106061 0.98232323 0.98358586 0.98484848 0.98611111
 0.98737374 0.98863636 0.98989899 0.99116162 0.99242424 0.99368687
 0.99494949 0.99621212 0.99747475 0.99873737 1.        ]
