Time:  0.015624761581420898
Criterion:  Mood
Samples:  (5, 9)
Sum:  14
Variants:  2002
Size:  71
Statistics [ 11.25  15.25  17.25  21.25  23.25  25.25  27.25  29.25  31.25  33.25
  35.25  37.25  39.25  41.25  43.25  45.25  47.25  49.25  51.25  53.25
  55.25  57.25  59.25  61.25  63.25  65.25  67.25  69.25  71.25  73.25
  75.25  77.25  79.25  81.25  83.25  85.25  87.25  89.25  91.25  93.25
  95.25  97.25  99.25 101.25 103.25 105.25 107.25 109.25 111.25 113.25
 115.25 117.25 119.25 121.25 123.25 125.25 127.25 129.25 131.25 133.25
 135.25 137.25 139.25 141.25 143.25 145.25 147.25 151.25 155.25 157.25
 165.25]
P-value [9.99000999e-04 1.99800200e-03 3.99600400e-03 7.99200799e-03
 1.19880120e-02 1.39860140e-02 1.89810190e-02 2.49750250e-02
 2.99700300e-02 3.49650350e-02 4.49550450e-02 5.09490509e-02
 5.99400599e-02 7.99200799e-02 8.59140859e-02 9.99000999e-02
 1.14885115e-01 1.23876124e-01 1.48851149e-01 1.66833167e-01
 1.81818182e-01 2.03796204e-01 2.29770230e-01 2.45754246e-01
 2.74725275e-01 3.05694306e-01 3.21678322e-01 3.53646354e-01
 3.89610390e-01 4.03596404e-01 4.33566434e-01 4.66533467e-01
 4.83516484e-01 5.24475524e-01 5.54445554e-01 5.73426573e-01
 6.08391608e-01 6.29370629e-01 6.51348651e-01 6.84315684e-01
 7.11288711e-01 7.29270729e-01 7.58241758e-01 7.80219780e-01
 7.90209790e-01 8.20179820e-01 8.43156843e-01 8.50149850e-01
 8.75124875e-01 8.84115884e-01 8.95104895e-01 9.12087912e-01
 9.21078921e-01 9.29070929e-01 9.41058941e-01 9.50049950e-01
 9.57042957e-01 9.66033966e-01 9.67032967e-01 9.71028971e-01
 9.79020979e-01 9.84015984e-01 9.85014985e-01 9.89010989e-01
 9.90009990e-01 9.91008991e-01 9.96003996e-01 9.97002997e-01
 9.98001998e-01 9.99000999e-01 1.00000000e+00]
